09:40:25.675 [main] INFO  baseClass.BaseClass - User Click the Hotel Option in Home Page
09:40:26.050 [main] INFO  baseClass.BaseClass - User click the location button
09:40:26.492 [main] INFO  baseClass.BaseClass - User enter the location name
09:40:27.266 [main] INFO  baseClass.BaseClass - User click the Suggestion location
09:40:29.415 [main] INFO  baseClass.BaseClass - User click the checkIn button
09:40:29.530 [main] INFO  baseClass.BaseClass - User enter the check In Date
09:40:32.627 [main] INFO  baseClass.BaseClass - User click the checkout button
09:40:32.723 [main] INFO  baseClass.BaseClass - User enter the check out Date
09:40:32.797 [main] INFO  baseClass.BaseClass - User select the room button
09:40:32.897 [main] INFO  baseClass.BaseClass - User click the adult button
09:40:33.348 [main] INFO  baseClass.BaseClass - User Print the List Of Adults Number
09:40:42.674 [main] INFO  baseClass.BaseClass - User Navigation to the page............
09:40:42.682 [main] INFO  baseClass.BaseClass - User close the Ads......
09:41:17.709 [main] INFO  baseClass.BaseClass - No Ads in window so Skipped..
09:41:17.710 [main] INFO  baseClass.BaseClass - User close the Login/SignUp......
09:41:47.721 [main] INFO  baseClass.BaseClass - No Login/SignUp pop up in window so Skipped..
09:41:47.722 [main] INFO  baseClass.BaseClass - User click the Cab Button On Home Page
09:41:47.893 [main] INFO  baseClass.BaseClass - Cab Page ---> User click the search Button
09:41:54.604 [main] INFO  baseClass.BaseClass - Cab Page ---> User Click the More Options
09:41:54.671 [main] INFO  baseClass.BaseClass - Cab Page ---> User click the Gift In More Options
09:41:56.465 [main] INFO  baseClass.BaseClass - Gift Page ---> User click the Birthday Gift
09:41:56.624 [main] INFO  baseClass.BaseClass - Gift Page ---> User click the Email Button
09:41:57.546 [main] DEBUG org.apache.poi.openxml4j.opc.PackageRelationshipCollection - Parsing relationship: /xl/_rels/workbook.xml.rels
09:41:57.548 [main] DEBUG org.apache.poi.openxml4j.opc.PackageRelationshipCollection - Parsing relationship: /xl/worksheets/_rels/sheet1.xml.rels
09:41:57.548 [main] DEBUG org.apache.poi.openxml4j.opc.PackageRelationshipCollection - Parsing relationship: /xl/worksheets/_rels/sheet2.xml.rels
09:41:57.549 [main] DEBUG org.apache.poi.openxml4j.opc.PackageRelationshipCollection - Parsing relationship: /_rels/.rels
09:42:12.676 [main] DEBUG org.apache.poi.openxml4j.opc.PackageRelationshipCollection - Parsing relationship: /xl/_rels/workbook.xml.rels
09:42:12.677 [main] DEBUG org.apache.poi.openxml4j.opc.PackageRelationshipCollection - Parsing relationship: /xl/worksheets/_rels/sheet1.xml.rels
09:42:12.677 [main] DEBUG org.apache.poi.openxml4j.opc.PackageRelationshipCollection - Parsing relationship: /xl/worksheets/_rels/sheet2.xml.rels
09:42:12.678 [main] DEBUG org.apache.poi.openxml4j.opc.PackageRelationshipCollection - Parsing relationship: /_rels/.rels
09:42:22.243 [main] INFO  baseClass.BaseClass - User Navigation to the page............
09:42:22.246 [main] INFO  baseClass.BaseClass - User close the Ads......
09:42:57.296 [main] INFO  baseClass.BaseClass - No Ads in window so Skipped..
09:42:57.297 [main] INFO  baseClass.BaseClass - User close the Login/SignUp......
09:43:27.329 [main] INFO  baseClass.BaseClass - No Login/SignUp pop up in window so Skipped..
09:43:27.330 [main] INFO  baseClass.BaseClass - User click the Cab Button On Home Page
09:43:27.496 [main] INFO  baseClass.BaseClass - Cab Page ---> User click the search Button
09:43:34.118 [main] INFO  baseClass.BaseClass - Cab Page ---> User Click the More Options
09:43:34.201 [main] INFO  baseClass.BaseClass - Cab Page ---> User click the Gift In More Options
09:43:36.916 [main] INFO  baseClass.BaseClass - Gift Page ---> User click the Birthday Gift
09:43:37.090 [main] INFO  baseClass.BaseClass - Gift Page ---> User click the Email Button
09:43:37.758 [main] DEBUG org.apache.poi.openxml4j.opc.PackageRelationshipCollection - Parsing relationship: /xl/_rels/workbook.xml.rels
09:43:37.758 [main] DEBUG org.apache.poi.openxml4j.opc.PackageRelationshipCollection - Parsing relationship: /xl/worksheets/_rels/sheet1.xml.rels
09:43:37.759 [main] DEBUG org.apache.poi.openxml4j.opc.PackageRelationshipCollection - Parsing relationship: /xl/worksheets/_rels/sheet2.xml.rels
09:43:37.760 [main] DEBUG org.apache.poi.openxml4j.opc.PackageRelationshipCollection - Parsing relationship: /_rels/.rels
09:43:52.723 [main] DEBUG org.apache.poi.openxml4j.opc.PackageRelationshipCollection - Parsing relationship: /xl/_rels/workbook.xml.rels
09:43:52.724 [main] DEBUG org.apache.poi.openxml4j.opc.PackageRelationshipCollection - Parsing relationship: /xl/worksheets/_rels/sheet1.xml.rels
09:43:52.726 [main] DEBUG org.apache.poi.openxml4j.opc.PackageRelationshipCollection - Parsing relationship: /xl/worksheets/_rels/sheet2.xml.rels
09:43:52.727 [main] DEBUG org.apache.poi.openxml4j.opc.PackageRelationshipCollection - Parsing relationship: /_rels/.rels
